[0.090s] Invoking command in '/home/falahnz/Dev/ROS2/tes123/src/helloworld/build/helloworld': CMAKE_PREFIX_PATH=${CMAKE_PREFIX_PATH}:/opt/ros/humble /usr/bin/cmake /home/falahnz/Dev/ROS2/tes123/src/helloworld -DCMAKE_INSTALL_PREFIX=/home/falahnz/Dev/ROS2/tes123/src/helloworld/install/helloworld
[0.166s] -- The C compiler identification is GNU 11.4.0
[0.239s] -- The CXX compiler identification is GNU 11.4.0
[0.249s] -- Detecting C compiler ABI info
[0.347s] -- Detecting C compiler ABI info - done
[0.355s] -- Check for working C compiler: /usr/bin/cc - skipped
[0.355s] -- Detecting C compile features
[0.356s] -- Detecting C compile features - done
[0.359s] -- Detecting CXX compiler ABI info
[0.468s] -- Detecting CXX compiler ABI info - done
[0.477s] -- Check for working CXX compiler: /usr/bin/c++ - skipped
[0.477s] -- Detecting CXX compile features
[0.477s] -- Detecting CXX compile features - done
[0.485s] -- Found ament_cmake: 1.3.8 (/opt/ros/humble/share/ament_cmake/cmake)
[0.664s] -- Found Python3: /usr/bin/python3 (found version "3.10.12") found components: Interpreter 
[0.771s] -- Found rclcpp: 16.0.8 (/opt/ros/humble/share/rclcpp/cmake)
[0.826s] -- Found rosidl_generator_c: 3.1.5 (/opt/ros/humble/share/rosidl_generator_c/cmake)
[0.833s] -- Found rosidl_adapter: 3.1.5 (/opt/ros/humble/share/rosidl_adapter/cmake)
[0.842s] -- Found rosidl_generator_cpp: 3.1.5 (/opt/ros/humble/share/rosidl_generator_cpp/cmake)
[0.859s] -- Using all available rosidl_typesupport_c: rosidl_typesupport_fastrtps_c;rosidl_typesupport_introspection_c
[0.882s] -- Using all available rosidl_typesupport_cpp: rosidl_typesupport_fastrtps_cpp;rosidl_typesupport_introspection_cpp
[0.966s] -- Found rmw_implementation_cmake: 6.1.1 (/opt/ros/humble/share/rmw_implementation_cmake/cmake)
[0.969s] -- Found rmw_fastrtps_cpp: 6.2.6 (/opt/ros/humble/share/rmw_fastrtps_cpp/cmake)
[1.105s] -- Found OpenSSL: /usr/lib/x86_64-linux-gnu/libcrypto.so (found version "3.0.2")  
[1.142s] -- Found FastRTPS: /opt/ros/humble/include  
[1.208s] -- Using RMW implementation 'rmw_fastrtps_cpp' as default
[1.219s] -- Looking for pthread.h
[1.311s] -- Looking for pthread.h - found
[1.312s] -- Performing Test CMAKE_HAVE_LIBC_PTHREAD
[1.407s] -- Performing Test CMAKE_HAVE_LIBC_PTHREAD - Success
[1.409s] -- Found Threads: TRUE  
[1.652s] [31mCMake Error at /opt/ros/humble/share/ament_cmake_core/cmake/core/ament_package_xml.cmake:53 (message):
[1.652s]   ament_package_xml() package name 'helloworld' in '/package.xml' does not
[1.652s]   match current PROJECT_NAME 'cpp_pubsub'.  You must call project() with the
[1.652s]   same package name before.
[1.652s] Call Stack (most recent call first):
[1.652s]   /opt/ros/humble/share/ament_cmake_core/cmake/core/ament_package.cmake:63 (ament_package_xml)
[1.652s]   CMakeLists.txt:24 (ament_package)
[1.652s] 
[1.652s] [0m
[1.652s] -- Configuring incomplete, errors occurred!
[1.652s] See also "/home/falahnz/Dev/ROS2/tes123/src/helloworld/build/helloworld/CMakeFiles/CMakeOutput.log".
[1.663s] Invoked command in '/home/falahnz/Dev/ROS2/tes123/src/helloworld/build/helloworld' returned '1': CMAKE_PREFIX_PATH=${CMAKE_PREFIX_PATH}:/opt/ros/humble /usr/bin/cmake /home/falahnz/Dev/ROS2/tes123/src/helloworld -DCMAKE_INSTALL_PREFIX=/home/falahnz/Dev/ROS2/tes123/src/helloworld/install/helloworld
