[1.108s] DEBUG:colcon:Command line arguments: ['/usr/bin/colcon', 'build']
[1.108s] DEBUG:colcon:Parsed command line arguments: Namespace(log_base=None, log_level=None, verb_name='build', build_base='build', install_base='install', merge_install=False, symlink_install=False, test_result_base=None, continue_on_error=False, executor='parallel', parallel_workers=12, event_handlers=None, ignore_user_meta=False, metas=['./colcon.meta'], base_paths=['.'], packages_ignore=None, packages_ignore_regex=None, paths=None, packages_up_to=None, packages_up_to_regex=None, packages_above=None, packages_above_and_dependencies=None, packages_above_depth=None, packages_select_by_dep=None, packages_skip_by_dep=None, packages_skip_up_to=None, packages_select_build_failed=False, packages_skip_build_finished=False, packages_select_test_failures=False, packages_skip_test_passed=False, packages_select=None, packages_skip=None, packages_select_regex=None, packages_skip_regex=None, packages_start=None, packages_end=None, allow_overriding=[], cmake_args=None, cmake_target=None, cmake_target_skip_unavailable=False, cmake_clean_cache=False, cmake_clean_first=False, cmake_force_configure=False, ament_cmake_args=None, catkin_cmake_args=None, catkin_skip_building_tests=False, verb_parser=<colcon_defaults.argument_parser.defaults.DefaultArgumentsDecorator object at 0x786bccb86c80>, verb_extension=<colcon_core.verb.build.BuildVerb object at 0x786bcd8ef7f0>, main=<bound method BuildVerb.main of <colcon_core.verb.build.BuildVerb object at 0x786bcd8ef7f0>>)
[1.163s] Level 1:colcon.colcon_core.package_discovery:discover_packages(colcon_meta) check parameters
[1.163s] Level 1:colcon.colcon_core.package_discovery:discover_packages(recursive) check parameters
[1.163s] Level 1:colcon.colcon_core.package_discovery:discover_packages(ignore) check parameters
[1.163s] Level 1:colcon.colcon_core.package_discovery:discover_packages(path) check parameters
[1.163s] Level 1:colcon.colcon_core.package_discovery:discover_packages(colcon_meta) discover
[1.163s] Level 1:colcon.colcon_core.package_discovery:discover_packages(recursive) discover
[1.163s] INFO:colcon.colcon_core.package_discovery:Crawling recursively for packages in '/home/falahnz/Dev/ROS2/tes123/src/helloworld'
[1.163s] Level 1:colcon.colcon_core.package_identification:_identify(.) by extensions ['ignore', 'ignore_ament_install']
[1.164s] Level 1:colcon.colcon_core.package_identification:_identify(.) by extension 'ignore'
[1.164s] Level 1:colcon.colcon_core.package_identification:_identify(.) by extension 'ignore_ament_install'
[1.164s] Level 1:colcon.colcon_core.package_identification:_identify(.) by extensions ['colcon_pkg']
[1.164s] Level 1:colcon.colcon_core.package_identification:_identify(.) by extension 'colcon_pkg'
[1.164s] Level 1:colcon.colcon_core.package_identification:_identify(.) by extensions ['colcon_meta']
[1.164s] Level 1:colcon.colcon_core.package_identification:_identify(.) by extension 'colcon_meta'
[1.164s] Level 1:colcon.colcon_core.package_identification:_identify(.) by extensions ['ros']
[1.164s] Level 1:colcon.colcon_core.package_identification:_identify(.) by extension 'ros'
[1.179s] DEBUG:colcon.colcon_core.package_identification:Package '.' with type 'ros.ament_cmake' and name 'helloworld'
[1.179s] Level 1:colcon.colcon_core.package_discovery:discover_packages(recursive) using defaults
[1.179s] Level 1:colcon.colcon_core.package_discovery:discover_packages(ignore) discover
[1.179s] Level 1:colcon.colcon_core.package_discovery:discover_packages(ignore) using defaults
[1.179s] Level 1:colcon.colcon_core.package_discovery:discover_packages(path) discover
[1.180s] Level 1:colcon.colcon_core.package_discovery:discover_packages(path) using defaults
[1.284s] Level 1:colcon.colcon_core.package_discovery:discover_packages(prefix_path) check parameters
[1.284s] Level 1:colcon.colcon_core.package_discovery:discover_packages(prefix_path) discover
[1.317s] DEBUG:colcon.colcon_installed_package_information.package_discovery:Found 0 installed packages in /home/falahnz/Dev/ROS2/tes123/src/helloworld/src/install
[1.332s] DEBUG:colcon.colcon_installed_package_information.package_discovery:Found 2 installed packages in /home/falahnz/Dev/ROS2/tes123/install
[1.349s] DEBUG:colcon.colcon_installed_package_information.package_discovery:Found 302 installed packages in /opt/ros/humble
[1.351s] Level 1:colcon.colcon_core.package_discovery:discover_packages(prefix_path) using defaults
[1.458s] Level 5:colcon.colcon_core.verb:set package 'helloworld' build argument 'cmake_args' from command line to 'None'
[1.458s] Level 5:colcon.colcon_core.verb:set package 'helloworld' build argument 'cmake_target' from command line to 'None'
[1.458s] Level 5:colcon.colcon_core.verb:set package 'helloworld' build argument 'cmake_target_skip_unavailable' from command line to 'False'
[1.458s] Level 5:colcon.colcon_core.verb:set package 'helloworld' build argument 'cmake_clean_cache' from command line to 'False'
[1.458s] Level 5:colcon.colcon_core.verb:set package 'helloworld' build argument 'cmake_clean_first' from command line to 'False'
[1.458s] Level 5:colcon.colcon_core.verb:set package 'helloworld' build argument 'cmake_force_configure' from command line to 'False'
[1.458s] Level 5:colcon.colcon_core.verb:set package 'helloworld' build argument 'ament_cmake_args' from command line to 'None'
[1.458s] Level 5:colcon.colcon_core.verb:set package 'helloworld' build argument 'catkin_cmake_args' from command line to 'None'
[1.458s] Level 5:colcon.colcon_core.verb:set package 'helloworld' build argument 'catkin_skip_building_tests' from command line to 'False'
[1.458s] DEBUG:colcon.colcon_core.verb:Building package 'helloworld' with the following arguments: {'ament_cmake_args': None, 'build_base': '/home/falahnz/Dev/ROS2/tes123/src/helloworld/build/helloworld', 'catkin_cmake_args': None, 'catkin_skip_building_tests': False, 'cmake_args': None, 'cmake_clean_cache': False, 'cmake_clean_first': False, 'cmake_force_configure': False, 'cmake_target': None, 'cmake_target_skip_unavailable': False, 'install_base': '/home/falahnz/Dev/ROS2/tes123/src/helloworld/install/helloworld', 'merge_install': False, 'path': '/home/falahnz/Dev/ROS2/tes123/src/helloworld', 'symlink_install': False, 'test_result_base': None}
[1.474s] INFO:colcon.colcon_core.executor:Executing jobs using 'parallel' executor
[1.491s] DEBUG:colcon.colcon_parallel_executor.executor.parallel:run_until_complete
[1.491s] INFO:colcon.colcon_ros.task.ament_cmake.build:Building ROS package in '/home/falahnz/Dev/ROS2/tes123/src/helloworld' with build type 'ament_cmake'
[1.491s] INFO:colcon.colcon_cmake.task.cmake.build:Building CMake package in '/home/falahnz/Dev/ROS2/tes123/src/helloworld'
[1.509s] INFO:colcon.colcon_core.plugin_system:Skipping extension 'colcon_core.shell.bat': Not used on non-Windows systems
[1.509s] INFO:colcon.colcon_core.shell:Skip shell extension 'powershell' for command environment: Not usable outside of PowerShell
[1.510s] DEBUG:colcon.colcon_core.shell:Skip shell extension 'dsv' for command environment
[1.582s] DEBUG:colcon.colcon_core.event_handler.log_command:Invoking command in '/home/falahnz/Dev/ROS2/tes123/src/helloworld/build/helloworld': CMAKE_PREFIX_PATH=${CMAKE_PREFIX_PATH}:/opt/ros/humble /usr/bin/cmake /home/falahnz/Dev/ROS2/tes123/src/helloworld -DCMAKE_INSTALL_PREFIX=/home/falahnz/Dev/ROS2/tes123/src/helloworld/install/helloworld
[3.155s] DEBUG:colcon.colcon_core.event_handler.log_command:Invoked command in '/home/falahnz/Dev/ROS2/tes123/src/helloworld/build/helloworld' returned '1': CMAKE_PREFIX_PATH=${CMAKE_PREFIX_PATH}:/opt/ros/humble /usr/bin/cmake /home/falahnz/Dev/ROS2/tes123/src/helloworld -DCMAKE_INSTALL_PREFIX=/home/falahnz/Dev/ROS2/tes123/src/helloworld/install/helloworld
[3.170s] Level 1:colcon.colcon_core.environment:create_environment_scripts_only(helloworld)
[3.188s] Level 1:colcon.colcon_core.environment:checking '/home/falahnz/Dev/ROS2/tes123/src/helloworld/install/helloworld' for CMake module files
[3.189s] Level 1:colcon.colcon_core.environment:checking '/home/falahnz/Dev/ROS2/tes123/src/helloworld/install/helloworld' for CMake config files
[3.189s] Level 1:colcon.colcon_core.environment:checking '/home/falahnz/Dev/ROS2/tes123/src/helloworld/install/helloworld/bin'
[3.189s] Level 1:colcon.colcon_core.environment:checking '/home/falahnz/Dev/ROS2/tes123/src/helloworld/install/helloworld/lib/pkgconfig/helloworld.pc'
[3.189s] Level 1:colcon.colcon_core.environment:checking '/home/falahnz/Dev/ROS2/tes123/src/helloworld/install/helloworld/lib/python3.10/site-packages'
[3.189s] Level 1:colcon.colcon_core.environment:checking '/home/falahnz/Dev/ROS2/tes123/src/helloworld/install/helloworld/bin'
[3.207s] INFO:colcon.colcon_core.shell:Creating package script '/home/falahnz/Dev/ROS2/tes123/src/helloworld/install/helloworld/share/helloworld/package.ps1'
[3.208s] INFO:colcon.colcon_core.shell:Creating package descriptor '/home/falahnz/Dev/ROS2/tes123/src/helloworld/install/helloworld/share/helloworld/package.dsv'
[3.208s] INFO:colcon.colcon_core.shell:Creating package script '/home/falahnz/Dev/ROS2/tes123/src/helloworld/install/helloworld/share/helloworld/package.sh'
[3.209s] INFO:colcon.colcon_core.shell:Creating package script '/home/falahnz/Dev/ROS2/tes123/src/helloworld/install/helloworld/share/helloworld/package.bash'
[3.210s] INFO:colcon.colcon_core.shell:Creating package script '/home/falahnz/Dev/ROS2/tes123/src/helloworld/install/helloworld/share/helloworld/package.zsh'
[3.210s] Level 1:colcon.colcon_core.environment:create_file_with_runtime_dependencies(/home/falahnz/Dev/ROS2/tes123/src/helloworld/install/helloworld/share/colcon-core/packages/helloworld)
[3.221s] DEBUG:colcon.colcon_parallel_executor.executor.parallel:closing loop
[3.221s] DEBUG:colcon.colcon_parallel_executor.executor.parallel:loop closed
[3.221s] DEBUG:colcon.colcon_parallel_executor.executor.parallel:run_until_complete finished with '1'
[3.221s] DEBUG:colcon.colcon_core.event_reactor:joining thread
[3.244s] INFO:colcon.colcon_core.plugin_system:Skipping extension 'colcon_notification.desktop_notification.notify_send': Could not find 'notify-send'
[3.244s] INFO:colcon.colcon_core.plugin_system:Skipping extension 'colcon_notification.desktop_notification.terminal_notifier': Not used on non-Darwin systems
[3.244s] INFO:colcon.colcon_core.plugin_system:Skipping extension 'colcon_notification.desktop_notification.win32': Not used on non-Windows systems
[3.244s] INFO:colcon.colcon_notification.desktop_notification:Sending desktop notification using 'notify2'
[3.268s] DEBUG:colcon.colcon_core.event_reactor:joined thread
[3.286s] INFO:colcon.colcon_core.shell:Creating prefix script '/home/falahnz/Dev/ROS2/tes123/src/helloworld/install/local_setup.ps1'
[3.286s] INFO:colcon.colcon_core.shell:Creating prefix util module '/home/falahnz/Dev/ROS2/tes123/src/helloworld/install/_local_setup_util_ps1.py'
[3.288s] INFO:colcon.colcon_core.shell:Creating prefix chain script '/home/falahnz/Dev/ROS2/tes123/src/helloworld/install/setup.ps1'
[3.305s] INFO:colcon.colcon_core.shell:Creating prefix script '/home/falahnz/Dev/ROS2/tes123/src/helloworld/install/local_setup.sh'
[3.305s] INFO:colcon.colcon_core.shell:Creating prefix util module '/home/falahnz/Dev/ROS2/tes123/src/helloworld/install/_local_setup_util_sh.py'
[3.306s] INFO:colcon.colcon_core.shell:Creating prefix chain script '/home/falahnz/Dev/ROS2/tes123/src/helloworld/install/setup.sh'
[3.333s] INFO:colcon.colcon_core.shell:Creating prefix script '/home/falahnz/Dev/ROS2/tes123/src/helloworld/install/local_setup.bash'
[3.333s] INFO:colcon.colcon_core.shell:Creating prefix chain script '/home/falahnz/Dev/ROS2/tes123/src/helloworld/install/setup.bash'
[3.350s] INFO:colcon.colcon_core.shell:Creating prefix script '/home/falahnz/Dev/ROS2/tes123/src/helloworld/install/local_setup.zsh'
[3.351s] INFO:colcon.colcon_core.shell:Creating prefix chain script '/home/falahnz/Dev/ROS2/tes123/src/helloworld/install/setup.zsh'
